<?xml version="1.0" encoding="UTF-8"?>
<!-- Generated by org.testng.reporters.JUnitReportReporter -->
<testsuite hostname="DESKTOP-MDEUDBT" failures="0" tests="1" name="Scripts.TestCase2" time="129.201" errors="0" timestamp="2023-05-11T15:35:09 IST" skipped="0">
  <testcase classname="Scripts.TestCase2" name="TC2" time="129.201"/>
  <system-out/>
</testsuite> <!-- Scripts.TestCase2 -->
