<?xml version="1.0" encoding="UTF-8"?>
<!-- Generated by org.testng.reporters.JUnitReportReporter -->
<testsuite hostname="DESKTOP-MDEUDBT" failures="0" tests="1" name="Scripts.TestCase1" time="13.181" errors="0" timestamp="2023-05-07T03:35:58 IST" skipped="0">
  <testcase classname="Scripts.TestCase1" name="tc1" time="13.181"/>
  <system-out/>
</testsuite> <!-- Scripts.TestCase1 -->
